   1: Player 1 launched 78 (left 27) ships from planet 2 to planet 16
   1: Player 2 launched 105 (left 0) ships from planet 3 to planet 1
   2: Player 2 launched 5 (left 0) ships from planet 3 to planet 1
   3: Player 2 launched 5 (left 0) ships from planet 3 to planet 1
   4: Player 2 launched 5 (left 0) ships from planet 3 to planet 1
   5: Player 2 launched 5 (left 0) ships from planet 3 to planet 1
   6: Player 2 launched 5 (left 0) ships from planet 3 to planet 1
   7: Player 2 launched 5 (left 0) ships from planet 3 to planet 1
   8: Player 2 launched 5 (left 0) ships from planet 3 to planet 1
   9: Player 2 launched 5 (left 0) ships from planet 3 to planet 1
   9: Player 2 now owns planet 1
  10: Player 2 launched 14 (left 0) ships from planet 1 to planet 2
  11: Player 2 launched 10 (left 0) ships from planet 1 to planet 2
  12: Player 2 launched 10 (left 0) ships from planet 1 to planet 2
  13: Player 2 launched 10 (left 0) ships from planet 1 to planet 2
  14: Player 2 launched 10 (left 0) ships from planet 1 to planet 2
  15: Player 2 launched 10 (left 0) ships from planet 1 to planet 2
  16: Player 2 launched 10 (left 0) ships from planet 1 to planet 2
  17: Player 2 launched 10 (left 0) ships from planet 1 to planet 2
  18: Player 2 launched 10 (left 0) ships from planet 1 to planet 2
  18: Player 1 defended planet 2
  19: Player 2 launched 5 (left 0) ships from planet 1 to planet 2
  19: Player 1 defended planet 2
  20: Player 2 launched 5 (left 0) ships from planet 1 to planet 2
  20: Player 1 defended planet 2
  21: Player 2 launched 5 (left 0) ships from planet 1 to planet 2
  21: Player 1 now owns planet 16
  21: Player 1 defended planet 2
  22: Player 1 launched 66 (left 22) ships from planet 2 to planet 17
  22: Player 2 launched 5 (left 0) ships from planet 1 to planet 2
  22: Player 1 defended planet 2
  23: Player 2 launched 5 (left 0) ships from planet 1 to planet 2
  23: Player 1 defended planet 2
  24: Player 2 launched 5 (left 0) ships from planet 1 to planet 2
  24: Player 1 defended planet 2
  25: Player 2 launched 5 (left 0) ships from planet 1 to planet 2
  25: Player 1 defended planet 2
  26: Player 2 launched 5 (left 0) ships from planet 1 to planet 2
  26: Player 2 now owns planet 2
  27: Player 2 launched 5 (left 0) ships from planet 1 to planet 4
  28: Player 2 launched 5 (left 0) ships from planet 1 to planet 4
  29: Player 2 launched 5 (left 0) ships from planet 1 to planet 4
  30: Player 2 launched 5 (left 0) ships from planet 1 to planet 4
  31: Player 2 launched 5 (left 0) ships from planet 1 to planet 4
  32: Player 2 launched 5 (left 0) ships from planet 1 to planet 4
  33: Player 2 launched 5 (left 0) ships from planet 1 to planet 4
  34: Player 2 launched 5 (left 0) ships from planet 1 to planet 4
  35: Player 2 launched 5 (left 0) ships from planet 1 to planet 4
  36: Player 2 launched 5 (left 0) ships from planet 1 to planet 4
  36: Player 1 now owns planet 17
  37: Player 1 launched 62 (left 21) ships from planet 16 to planet 2
  37: Player 2 launched 5 (left 0) ships from planet 1 to planet 4
  38: Player 2 launched 5 (left 0) ships from planet 1 to planet 4
  39: Player 2 launched 5 (left 0) ships from planet 1 to planet 4
  40: Player 2 launched 5 (left 0) ships from planet 1 to planet 4
  41: Player 2 launched 5 (left 0) ships from planet 1 to planet 4
  42: Player 2 launched 5 (left 0) ships from planet 1 to planet 4
  43: Player 2 launched 5 (left 0) ships from planet 1 to planet 4
  44: Player 2 launched 5 (left 0) ships from planet 1 to planet 4
  45: Player 2 launched 5 (left 0) ships from planet 1 to planet 4
  46: Player 2 launched 5 (left 0) ships from planet 1 to planet 4
  47: Player 2 launched 5 (left 0) ships from planet 1 to planet 4
  47: Player 2 now owns planet 4
  48: Player 2 launched 5 (left 0) ships from planet 1 to planet 5
  49: Player 2 launched 5 (left 0) ships from planet 1 to planet 5
  50: Player 2 launched 5 (left 0) ships from planet 1 to planet 5
  51: Player 2 launched 5 (left 0) ships from planet 1 to planet 5
  52: Player 2 launched 5 (left 0) ships from planet 1 to planet 5
  53: Player 2 launched 5 (left 0) ships from planet 1 to planet 5
  54: Player 2 launched 5 (left 0) ships from planet 1 to planet 5
  55: Player 2 launched 5 (left 0) ships from planet 1 to planet 5
  56: Player 2 launched 5 (left 0) ships from planet 1 to planet 5
  57: Player 2 launched 5 (left 0) ships from planet 1 to planet 5
  57: Player 2 defended planet 2
  58: Player 1 launched 57 (left 20) ships from planet 17 to planet 22
  58: Player 2 launched 5 (left 0) ships from planet 1 to planet 5
  59: Player 2 launched 5 (left 0) ships from planet 1 to planet 5
  60: Player 2 launched 5 (left 0) ships from planet 1 to planet 5
  61: Player 2 launched 5 (left 0) ships from planet 1 to planet 5
  62: Player 2 launched 5 (left 0) ships from planet 1 to planet 5
  63: Player 2 launched 5 (left 0) ships from planet 1 to planet 5
  64: Player 2 launched 5 (left 0) ships from planet 1 to planet 5
  65: Player 2 launched 5 (left 0) ships from planet 1 to planet 5
  66: Player 2 launched 5 (left 0) ships from planet 1 to planet 5
  67: Player 2 launched 5 (left 0) ships from planet 1 to planet 5
  68: Player 2 launched 5 (left 0) ships from planet 1 to planet 5
  68: Player 1 now owns planet 22
  68: Player 2 now owns planet 5
  69: Player 1 launched 39 (left 14) ships from planet 16 to planet 23
  69: Player 2 launched 5 (left 0) ships from planet 1 to planet 6
  70: Player 2 launched 5 (left 0) ships from planet 1 to planet 6
  71: Player 2 launched 5 (left 0) ships from planet 1 to planet 6
  72: Player 2 launched 5 (left 0) ships from planet 1 to planet 6
  73: Player 2 launched 5 (left 0) ships from planet 1 to planet 6
  74: Player 2 launched 5 (left 0) ships from planet 1 to planet 6
  75: Player 2 launched 5 (left 0) ships from planet 1 to planet 6
  76: Player 2 launched 5 (left 0) ships from planet 1 to planet 6
  77: Player 2 launched 5 (left 0) ships from planet 1 to planet 6
  78: Player 2 launched 5 (left 0) ships from planet 1 to planet 6
  79: Player 2 launched 5 (left 0) ships from planet 1 to planet 6
  79: Player 1 now owns planet 23
  80: Player 1 launched 45 (left 16) ships from planet 22 to planet 12
  80: Player 2 launched 5 (left 0) ships from planet 1 to planet 6
  81: Player 2 launched 5 (left 0) ships from planet 1 to planet 6
  82: Player 2 launched 5 (left 0) ships from planet 1 to planet 6
  83: Player 2 launched 5 (left 0) ships from planet 1 to planet 6
  84: Player 2 launched 5 (left 0) ships from planet 1 to planet 6
  85: Player 2 launched 5 (left 0) ships from planet 1 to planet 6
  86: Player 2 launched 5 (left 0) ships from planet 1 to planet 6
  87: Player 2 launched 5 (left 0) ships from planet 1 to planet 6
  88: Player 2 launched 5 (left 0) ships from planet 1 to planet 6
  89: Player 2 launched 5 (left 0) ships from planet 1 to planet 6
  90: Player 2 launched 5 (left 0) ships from planet 1 to planet 6
  90: Player 2 now owns planet 6
  91: Player 2 launched 5 (left 0) ships from planet 1 to planet 7
  92: Player 2 launched 5 (left 0) ships from planet 1 to planet 7
  93: Player 2 launched 5 (left 0) ships from planet 1 to planet 7
  94: Player 2 launched 5 (left 0) ships from planet 1 to planet 7
  95: Player 2 launched 5 (left 0) ships from planet 1 to planet 7
  96: Player 2 launched 5 (left 0) ships from planet 1 to planet 7
  96: Player 1 now owns planet 12
  97: Player 1 launched 44 (left 15) ships from planet 17 to planet 13
  97: Player 2 launched 5 (left 0) ships from planet 1 to planet 7
  98: Player 2 launched 5 (left 0) ships from planet 1 to planet 7
  99: Player 2 launched 5 (left 0) ships from planet 1 to planet 7
 100: Player 2 launched 5 (left 0) ships from planet 1 to planet 7
 101: Player 2 launched 5 (left 0) ships from planet 1 to planet 7
 102: Player 2 launched 5 (left 0) ships from planet 1 to planet 7
 103: Player 2 launched 5 (left 0) ships from planet 1 to planet 7
 104: Player 2 launched 5 (left 0) ships from planet 1 to planet 7
 104: Player 1 now owns planet 13
 105: Player 1 launched 53 (left 18) ships from planet 23 to planet 10
 105: Player 2 launched 5 (left 0) ships from planet 1 to planet 7
 106: Player 2 launched 5 (left 0) ships from planet 1 to planet 7
 107: Player 2 launched 5 (left 0) ships from planet 1 to planet 7
 108: Player 2 launched 5 (left 0) ships from planet 1 to planet 7
 109: Player 2 launched 5 (left 0) ships from planet 1 to planet 7
 110: Player 2 launched 5 (left 0) ships from planet 1 to planet 7
 111: Player 2 launched 5 (left 0) ships from planet 1 to planet 7
 112: Player 2 launched 5 (left 0) ships from planet 1 to planet 7
 112: Player 2 now owns planet 7
 113: Player 2 launched 5 (left 0) ships from planet 1 to planet 8
 114: Player 2 launched 5 (left 0) ships from planet 1 to planet 8
 115: Player 2 launched 5 (left 0) ships from planet 1 to planet 8
 116: Player 2 launched 5 (left 0) ships from planet 1 to planet 8
 117: Player 2 launched 5 (left 0) ships from planet 1 to planet 8
 118: Player 2 launched 5 (left 0) ships from planet 1 to planet 8
 119: Player 2 launched 5 (left 0) ships from planet 1 to planet 8
 120: Player 2 launched 5 (left 0) ships from planet 1 to planet 8
 121: Player 2 launched 5 (left 0) ships from planet 1 to planet 8
 121: Player 1 now owns planet 10
 122: Player 1 launched 75 (left 25) ships from planet 22 to planet 1
 122: Player 2 launched 5 (left 0) ships from planet 1 to planet 8
 123: Player 2 launched 5 (left 0) ships from planet 1 to planet 8
 124: Player 2 launched 5 (left 0) ships from planet 1 to planet 8
 125: Player 2 launched 5 (left 0) ships from planet 1 to planet 8
 126: Player 2 launched 5 (left 0) ships from planet 1 to planet 8
 127: Player 2 launched 5 (left 0) ships from planet 1 to planet 8
 128: Player 2 launched 5 (left 0) ships from planet 1 to planet 8
 129: Player 2 launched 5 (left 0) ships from planet 1 to planet 8
 130: Player 2 launched 5 (left 0) ships from planet 1 to planet 8
 130: Player 1 now owns planet 1
 131: Player 1 launched 70 (left 24) ships from planet 12 to planet 11
 131: Player 2 launched 501 (left 0) ships from planet 2 to planet 1
 132: Player 2 launched 5 (left 0) ships from planet 2 to planet 1
 133: Player 2 launched 5 (left 0) ships from planet 2 to planet 1
 134: Player 2 launched 5 (left 0) ships from planet 2 to planet 1
 135: Player 2 launched 5 (left 0) ships from planet 2 to planet 1
 136: Player 2 launched 5 (left 0) ships from planet 2 to planet 1
 137: Player 2 launched 5 (left 0) ships from planet 2 to planet 1
 137: Player 1 now owns planet 11
 138: Player 1 launched 78 (left 27) ships from planet 1 to planet 20
 138: Player 2 launched 5 (left 0) ships from planet 2 to planet 1
 138: Player 2 now owns planet 8
 139: Player 2 launched 5 (left 0) ships from planet 2 to planet 1
 139: Player 2 now owns planet 1
