   1: Player 1 launched 105 (left 0) ships from planet 2 to planet 16
Invalid order modified - not enough ships. Max used.
Invalid order ignored - no ships to launch.
   1: Player 2 launched 78 (left 27) ships from planet 3 to planet 16
  15: Player 2 now owns planet 16
  16: Player 2 launched 76 (left 26) ships from planet 3 to planet 17
  21: Player 1 now owns planet 16
  22: Player 1 launched 105 (left 0) ships from planet 2 to planet 17
Invalid order modified - not enough ships. Max used.
Invalid order ignored - no ships to launch.
  36: Player 1 now owns planet 17
  37: Player 1 launched 75 (left 0) ships from planet 2 to planet 22
Invalid order modified - not enough ships. Max used.
Invalid order ignored - no ships to launch.
  37: Player 2 launched 98 (left 33) ships from planet 3 to planet 17
  50: Player 1 now owns planet 22
  51: Player 1 launched 70 (left 0) ships from planet 2 to planet 23
Invalid order modified - not enough ships. Max used.
Invalid order ignored - no ships to launch.
  57: Player 2 now owns planet 17
  58: Player 2 launched 103 (left 35) ships from planet 3 to planet 22
  61: Player 1 now owns planet 23
  62: Player 1 launched 79 (left 0) ships from planet 22 to planet 12
Invalid order modified - not enough ships. Max used.
Invalid order ignored - no ships to launch.
  68: Player 2 now owns planet 22
  69: Player 2 launched 67 (left 23) ships from planet 3 to planet 23
  78: Player 1 now owns planet 12
  79: Player 1 launched 140 (left 0) ships from planet 2 to planet 22
Invalid order modified - not enough ships. Max used.
Invalid order ignored - no ships to launch.
  82: Player 1 defended planet 23
  83: Player 2 launched 87 (left 30) ships from planet 22 to planet 12
  92: Player 1 now owns planet 22
  93: Player 1 launched 102 (left 0) ships from planet 16 to planet 13
Invalid order modified - not enough ships. Max used.
Invalid order ignored - no ships to launch.
  99: Player 1 defended planet 12
 100: Player 2 launched 133 (left 45) ships from planet 3 to planet 13
 115: Player 2 now owns planet 13
 116: Player 2 launched 93 (left 32) ships from planet 3 to planet 10
 118: Player 2 defended planet 13
 119: Player 1 launched 200 (left 0) ships from planet 2 to planet 10
Invalid order modified - not enough ships. Max used.
Invalid order ignored - no ships to launch.
 126: Player 2 now owns planet 10
 127: Player 2 launched 87 (left 30) ships from planet 17 to planet 11
 130: Player 1 now owns planet 10
 131: Player 1 launched 166 (left 0) ships from planet 22 to planet 11
Invalid order modified - not enough ships. Max used.
Invalid order ignored - no ships to launch.
 147: Player 1 now owns planet 11
 148: Player 1 launched 186 (left 0) ships from planet 10 to planet 20
Invalid order modified - not enough ships. Max used.
Invalid order ignored - no ships to launch.
 149: Player 1 defended planet 11
 150: Player 2 launched 151 (left 51) ships from planet 3 to planet 20
 160: Player 1 now owns planet 20
 161: Player 1 launched 210 (left 0) ships from planet 2 to planet 21
Invalid order modified - not enough ships. Max used.
Invalid order ignored - no ships to launch.
 168: Player 1 defended planet 20
 169: Player 2 launched 109 (left 37) ships from planet 3 to planet 21
 172: Player 2 now owns planet 21
 173: Player 2 launched 94 (left 32) ships from planet 13 to planet 2
 179: Player 1 now owns planet 21
 180: Player 1 launched 221 (left 0) ships from planet 23 to planet 14
Invalid order modified - not enough ships. Max used.
Invalid order ignored - no ships to launch.
 180: Player 1 defended planet 2
 181: Player 2 launched 72 (left 25) ships from planet 3 to planet 14
